<?xml version="1.0" encoding="UTF-8"?>
<!-- Generated by org.testng.reporters.JUnitReportReporter -->
<testsuite hostname="DESKTOP-73VK2D7" failures="0" tests="2" name="TestRunner.TestRunner2" time="56.267" errors="0" timestamp="2023-03-10T12:48:29 GMT" skipped="0">
  <testcase classname="TestRunner.TestRunner2" name="runScenario" time="28.384"/>
  <system-out/>
  <testcase classname="TestRunner.TestRunner2" name="runScenario" time="27.883"/>
  <system-out/>
</testsuite> <!-- TestRunner.TestRunner2 -->
