<?xml version="1.0" encoding="UTF-8"?>
<!-- Generated by org.testng.reporters.JUnitReportReporter -->
<testsuite hostname="DESKTOP-73VK2D7" failures="0" tests="1" name="TestRunner.TestRunner" time="13.729" errors="0" timestamp="2023-03-10T12:48:29 GMT" skipped="0">
  <testcase classname="TestRunner.TestRunner" name="runScenario" time="13.729"/>
  <system-out>
    <![CDATA[expected [Smartbazaar – World of Asian] but found [Smartbazaar – World of Asian Foods]]]>
  </system-out>
</testsuite> <!-- TestRunner.TestRunner -->
